This is pdfTeX, Version 3.14159265-2.6-1.40.19 (TeX Live 2018/W32TeX) (preloaded format=pdflatex 2019.2.1)  7 FEB 2019 13:16
entering extended mode
 restricted \write18 enabled.
 file:line:error style messages enabled.
 %&-line parsing enabled.
**"e:/Udacity/Machine Learning Engineer Nanodegree/chestray_capstone/report/chestray_final_report.tex"
(e:/Udacity/Machine Learning Engineer Nanodegree/chestray_capstone/report/chestray_final_report.tex
LaTeX2e <2018-12-01>
(e:/texlive/2018/texmf-dist/tex/latex/base/article.cls
Document Class: article 2018/09/03 v1.4i Standard LaTeX document class
(e:/texlive/2018/texmf-dist/tex/latex/base/size10.clo
File: size10.clo 2018/09/03 v1.4i Standard LaTeX file (size option)
)
\c@part=\count80
\c@section=\count81
\c@subsection=\count82
\c@subsubsection=\count83
\c@paragraph=\count84
\c@subparagraph=\count85
\c@figure=\count86
\c@table=\count87
\abovecaptionskip=\skip41
\belowcaptionskip=\skip42
\bibindent=\dimen102
) (e:/texlive/2018/texmf-dist/tex/latex/geometry/geometry.sty
Package: geometry 2018/04/16 v5.8 Page Geometry
 (e:/texlive/2018/texmf-dist/tex/latex/graphics/keyval.sty
Package: keyval 2014/10/28 v1.15 key=value parser (DPC)
\KV@toks@=\toks14
) (e:/texlive/2018/texmf-dist/tex/generic/oberdiek/ifpdf.sty
Package: ifpdf 2018/09/07 v3.3 Provides the ifpdf switch
) (e:/texlive/2018/texmf-dist/tex/generic/oberdiek/ifvtex.sty
Package: ifvtex 2016/05/16 v1.6 Detect VTeX and its facilities (HO)
Package ifvtex Info: VTeX not detected.
) (e:/texlive/2018/texmf-dist/tex/generic/ifxetex/ifxetex.sty
Package: ifxetex 2010/09/12 v0.6 Provides ifxetex conditional
)
\Gm@cnth=\count88
\Gm@cntv=\count89
\c@Gm@tempcnt=\count90
\Gm@bindingoffset=\dimen103
\Gm@wd@mp=\dimen104
\Gm@odd@mp=\dimen105
\Gm@even@mp=\dimen106
\Gm@layoutwidth=\dimen107
\Gm@layoutheight=\dimen108
\Gm@layouthoffset=\dimen109
\Gm@layoutvoffset=\dimen110
\Gm@dimlist=\toks15
) (e:/texlive/2018/texmf-dist/tex/latex/graphics/graphicx.sty
Package: graphicx 2017/06/01 v1.1a Enhanced LaTeX Graphics (DPC,SPQR)
 (e:/texlive/2018/texmf-dist/tex/latex/graphics/graphics.sty
Package: graphics 2017/06/25 v1.2c Standard LaTeX Graphics (DPC,SPQR)
 (e:/texlive/2018/texmf-dist/tex/latex/graphics/trig.sty
Package: trig 2016/01/03 v1.10 sin cos tan (DPC)
) (e:/texlive/2018/texmf-dist/tex/latex/graphics-cfg/graphics.cfg
File: graphics.cfg 2016/06/04 v1.11 sample graphics configuration
)
Package graphics Info: Driver file: pdftex.def on input line 99.
 (e:/texlive/2018/texmf-dist/tex/latex/graphics-def/pdftex.def
File: pdftex.def 2018/01/08 v1.0l Graphics/color driver for pdftex
))
\Gin@req@height=\dimen111
\Gin@req@width=\dimen112
) (e:/texlive/2018/texmf-dist/tex/latex/hyperref/hyperref.sty
Package: hyperref 2018/11/30 v6.88e Hypertext links for LaTeX
 (e:/texlive/2018/texmf-dist/tex/generic/oberdiek/hobsub-hyperref.sty
Package: hobsub-hyperref 2016/05/16 v1.14 Bundle oberdiek, subset hyperref (HO)
 (e:/texlive/2018/texmf-dist/tex/generic/oberdiek/hobsub-generic.sty
Package: hobsub-generic 2016/05/16 v1.14 Bundle oberdiek, subset generic (HO)
Package: hobsub 2016/05/16 v1.14 Construct package bundles (HO)
Package: infwarerr 2016/05/16 v1.4 Providing info/warning/error messages (HO)
Package: ltxcmds 2016/05/16 v1.23 LaTeX kernel commands for general use (HO)
Package: ifluatex 2016/05/16 v1.4 Provides the ifluatex switch (HO)
Package ifluatex Info: LuaTeX not detected.
Package hobsub Info: Skipping package `ifvtex' (already loaded).
Package: intcalc 2016/05/16 v1.2 Expandable calculations with integers (HO)
Package hobsub Info: Skipping package `ifpdf' (already loaded).
Package: etexcmds 2016/05/16 v1.6 Avoid name clashes with e-TeX commands (HO)
Package etexcmds Info: Could not find \expanded.
(etexcmds)             That can mean that you are not using pdfTeX 1.50 or
(etexcmds)             that some package has redefined \expanded.
(etexcmds)             In the latter case, load this package earlier.
Package: kvsetkeys 2016/05/16 v1.17 Key value parser (HO)
Package: kvdefinekeys 2016/05/16 v1.4 Define keys (HO)
Package: pdftexcmds 2018/09/10 v0.29 Utility functions of pdfTeX for LuaTeX (HO)
Package pdftexcmds Info: LuaTeX not detected.
Package pdftexcmds Info: \pdf@primitive is available.
Package pdftexcmds Info: \pdf@ifprimitive is available.
Package pdftexcmds Info: \pdfdraftmode found.
Package: pdfescape 2016/05/16 v1.14 Implements pdfTeX's escape features (HO)
Package: bigintcalc 2016/05/16 v1.4 Expandable calculations on big integers (HO)
Package: bitset 2016/05/16 v1.2 Handle bit-vector datatype (HO)
Package: uniquecounter 2016/05/16 v1.3 Provide unlimited unique counter (HO)
)
Package hobsub Info: Skipping package `hobsub' (already loaded).
Package: letltxmacro 2016/05/16 v1.5 Let assignment for LaTeX macros (HO)
Package: hopatch 2016/05/16 v1.3 Wrapper for package hooks (HO)
Package: xcolor-patch 2016/05/16 xcolor patch
Package: atveryend 2016/05/16 v1.9 Hooks at the very end of document (HO)
Package atveryend Info: \enddocument detected (standard20110627).
Package: atbegshi 2016/06/09 v1.18 At begin shipout hook (HO)
Package: refcount 2016/05/16 v3.5 Data extraction from label references (HO)
Package: hycolor 2016/05/16 v1.8 Color options for hyperref/bookmark (HO)
) (e:/texlive/2018/texmf-dist/tex/latex/oberdiek/auxhook.sty
Package: auxhook 2016/05/16 v1.4 Hooks for auxiliary files (HO)
) (e:/texlive/2018/texmf-dist/tex/latex/oberdiek/kvoptions.sty
Package: kvoptions 2016/05/16 v3.12 Key value format for package options (HO)
)
\@linkdim=\dimen113
\Hy@linkcounter=\count91
\Hy@pagecounter=\count92
 (e:/texlive/2018/texmf-dist/tex/latex/hyperref/pd1enc.def
File: pd1enc.def 2018/11/30 v6.88e Hyperref: PDFDocEncoding definition (HO)
Now handling font encoding PD1 ...
... no UTF-8 mapping file for font encoding PD1
)
\Hy@SavedSpaceFactor=\count93
 (e:/texlive/2018/texmf-dist/tex/latex/latexconfig/hyperref.cfg
File: hyperref.cfg 2002/06/06 v1.2 hyperref configuration of TeXLive
)
Package hyperref Info: Hyper figures OFF on input line 4519.
Package hyperref Info: Link nesting OFF on input line 4524.
Package hyperref Info: Hyper index ON on input line 4527.
Package hyperref Info: Plain pages OFF on input line 4534.
Package hyperref Info: Backreferencing OFF on input line 4539.
Package hyperref Info: Implicit mode ON; LaTeX internals redefined.
Package hyperref Info: Bookmarks ON on input line 4772.
\c@Hy@tempcnt=\count94
 (e:/texlive/2018/texmf-dist/tex/latex/url/url.sty
\Urlmuskip=\muskip10
Package: url 2013/09/16  ver 3.4  Verb mode for urls, etc.
)
LaTeX Info: Redefining \url on input line 5125.
\XeTeXLinkMargin=\dimen114
\Fld@menulength=\count95
\Field@Width=\dimen115
\Fld@charsize=\dimen116
Package hyperref Info: Hyper figures OFF on input line 6380.
Package hyperref Info: Link nesting OFF on input line 6385.
Package hyperref Info: Hyper index ON on input line 6388.
Package hyperref Info: backreferencing OFF on input line 6395.
Package hyperref Info: Link coloring OFF on input line 6400.
Package hyperref Info: Link coloring with OCG OFF on input line 6405.
Package hyperref Info: PDF/A mode OFF on input line 6410.
LaTeX Info: Redefining \ref on input line 6450.
LaTeX Info: Redefining \pageref on input line 6454.
\Hy@abspage=\count96
\c@Item=\count97
\c@Hfootnote=\count98
)
Package hyperref Info: Driver (autodetected): hpdftex.
 (e:/texlive/2018/texmf-dist/tex/latex/hyperref/hpdftex.def
File: hpdftex.def 2018/11/30 v6.88e Hyperref driver for pdfTeX
\Fld@listcount=\count99
\c@bookmark@seq@number=\count100
 (e:/texlive/2018/texmf-dist/tex/latex/oberdiek/rerunfilecheck.sty
Package: rerunfilecheck 2016/05/16 v1.8 Rerun checks for auxiliary files (HO)
Package uniquecounter Info: New unique counter `rerunfilecheck' on input line 282.
)
\Hy@SectionHShift=\skip43
) (e:/texlive/2018/texmf-dist/tex/latex/caption/subcaption.sty
Package: subcaption 2018/05/01 v1.1-162 Sub-captions (AR)
 (e:/texlive/2018/texmf-dist/tex/latex/caption/caption.sty
Package: caption 2018/10/06 v3.3-154 Customizing captions (AR)
 (e:/texlive/2018/texmf-dist/tex/latex/caption/caption3.sty
Package: caption3 2018/09/12 v1.8c caption3 kernel (AR)
Package caption3 Info: TeX engine: e-TeX on input line 64.
\captionmargin=\dimen117
\captionmargin@=\dimen118
\captionwidth=\dimen119
\caption@tempdima=\dimen120
\caption@indent=\dimen121
\caption@parindent=\dimen122
\caption@hangindent=\dimen123
)
\c@caption@flags=\count101
\c@ContinuedFloat=\count102
Package caption Info: hyperref package is loaded.
)
\c@subfigure=\count103
\c@subtable=\count104
) (e:/texlive/2018/texmf-dist/tex/latex/boxedminipage/boxedminipage.sty) (e:/Udacity/Machine Learning Engineer Nanodegree/chestray_capstone/report/chestray_final_report.aux)
\openout1 = `chestray_final_report.aux'.

LaTeX Font Info:    Checking defaults for OML/cmm/m/it on input line 8.
LaTeX Font Info:    ... okay on input line 8.
LaTeX Font Info:    Checking defaults for T1/cmr/m/n on input line 8.
LaTeX Font Info:    ... okay on input line 8.
LaTeX Font Info:    Checking defaults for OT1/cmr/m/n on input line 8.
LaTeX Font Info:    ... okay on input line 8.
LaTeX Font Info:    Checking defaults for OMS/cmsy/m/n on input line 8.
LaTeX Font Info:    ... okay on input line 8.
LaTeX Font Info:    Checking defaults for OMX/cmex/m/n on input line 8.
LaTeX Font Info:    ... okay on input line 8.
LaTeX Font Info:    Checking defaults for U/cmr/m/n on input line 8.
LaTeX Font Info:    ... okay on input line 8.
LaTeX Font Info:    Checking defaults for PD1/pdf/m/n on input line 8.
LaTeX Font Info:    ... okay on input line 8.

*geometry* driver: auto-detecting
*geometry* detected driver: pdftex
*geometry* verbose mode - [ preamble ] result:
* driver: pdftex
* paper: <default>
* layout: <same size as paper>
* layoutoffset:(h,v)=(0.0pt,0.0pt)
* modes: 
* h-part:(L,W,R)=(54.2025pt, 505.89pt, 54.2025pt)
* v-part:(T,H,B)=(54.2025pt, 686.56499pt, 54.2025pt)
* \paperwidth=614.295pt
* \paperheight=794.96999pt
* \textwidth=505.89pt
* \textheight=686.56499pt
* \oddsidemargin=-18.06749pt
* \evensidemargin=-18.06749pt
* \topmargin=-55.06749pt
* \headheight=12.0pt
* \headsep=25.0pt
* \topskip=10.0pt
* \footskip=30.0pt
* \marginparwidth=65.0pt
* \marginparsep=11.0pt
* \columnsep=10.0pt
* \skip\footins=9.0pt plus 4.0pt minus 2.0pt
* \hoffset=0.0pt
* \voffset=0.0pt
* \mag=1000
* \@twocolumnfalse
* \@twosidefalse
* \@mparswitchfalse
* \@reversemarginfalse
* (1in=72.27pt=25.4mm, 1cm=28.453pt)

(e:/texlive/2018/texmf-dist/tex/context/base/mkii/supp-pdf.mkii
[Loading MPS to PDF converter (version 2006.09.02).]
\scratchcounter=\count105
\scratchdimen=\dimen124
\scratchbox=\box27
\nofMPsegments=\count106
\nofMParguments=\count107
\everyMPshowfont=\toks16
\MPscratchCnt=\count108
\MPscratchDim=\dimen125
\MPnumerator=\count109
\makeMPintoPDFobject=\count110
\everyMPtoPDFconversion=\toks17
) (e:/texlive/2018/texmf-dist/tex/latex/oberdiek/epstopdf-base.sty
Package: epstopdf-base 2016/05/15 v2.6 Base part for package epstopdf
 (e:/texlive/2018/texmf-dist/tex/latex/oberdiek/grfext.sty
Package: grfext 2016/05/16 v1.2 Manage graphics extensions (HO)
)
Package epstopdf-base Info: Redefining graphics rule for `.eps' on input line 438.
Package grfext Info: Graphics extension search list:
(grfext)             [.pdf,.png,.jpg,.mps,.jpeg,.jbig2,.jb2,.PDF,.PNG,.JPG,.JPEG,.JBIG2,.JB2,.eps]
(grfext)             \AppendGraphicsExtensions on input line 456.
 (e:/texlive/2018/texmf-dist/tex/latex/latexconfig/epstopdf-sys.cfg
File: epstopdf-sys.cfg 2010/07/13 v1.3 Configuration of (r)epstopdf for TeX Live
))
\AtBeginShipoutBox=\box28
Package hyperref Info: Link coloring OFF on input line 8.
 (e:/texlive/2018/texmf-dist/tex/latex/hyperref/nameref.sty
Package: nameref 2016/05/21 v2.44 Cross-referencing by name of section
 (e:/texlive/2018/texmf-dist/tex/generic/oberdiek/gettitlestring.sty
Package: gettitlestring 2016/05/16 v1.5 Cleanup title references (HO)
)
\c@section@level=\count111
)
LaTeX Info: Redefining \ref on input line 8.
LaTeX Info: Redefining \pageref on input line 8.
LaTeX Info: Redefining \nameref on input line 8.
 (e:/Udacity/Machine Learning Engineer Nanodegree/chestray_capstone/report/chestray_final_report.out) (e:/Udacity/Machine Learning Engineer Nanodegree/chestray_capstone/report/chestray_final_report.out)
\@outlinefile=\write3
\openout3 = `chestray_final_report.out'.

Package caption Info: Begin \AtBeginDocument code.
Package caption Info: End \AtBeginDocument code.
LaTeX Font Info:    External font `cmex10' loaded for size
(Font)              <12> on input line 19.
LaTeX Font Info:    External font `cmex10' loaded for size
(Font)              <8> on input line 19.
LaTeX Font Info:    External font `cmex10' loaded for size
(Font)              <6> on input line 19.
<./images/labels_distribution.jpg, id=60, 1084.05pt x 722.7pt>
File: ./images/labels_distribution.jpg Graphic file (type jpg)
<use ./images/labels_distribution.jpg>
Package pdftex.def Info: ./images/labels_distribution.jpg  used on input line 42.
(pdftex.def)             Requested size: 505.89pt x 337.25401pt.
 [1

{e:/texlive/2018/texmf-var/fonts/map/pdftex/updmap/pdftex.map}] [2 <./images/labels_distribution.jpg>]
<./images/labels_vs_gender.jpg, id=81, 1084.05pt x 722.7pt>
File: ./images/labels_vs_gender.jpg Graphic file (type jpg)
<use ./images/labels_vs_gender.jpg>
Package pdftex.def Info: ./images/labels_vs_gender.jpg  used on input line 52.
(pdftex.def)             Requested size: 505.89pt x 337.25401pt.
<./images/age_gender_distribution.jpg, id=83, 797.8608pt x 722.7pt>
File: ./images/age_gender_distribution.jpg Graphic file (type jpg)
<use ./images/age_gender_distribution.jpg>
Package pdftex.def Info: ./images/age_gender_distribution.jpg  used on input line 60.
(pdftex.def)             Requested size: 505.89pt x 458.23672pt.
<./images/disease_age_gender_distribution.jpg, id=85, 1084.05pt x 1445.4pt>
File: ./images/disease_age_gender_distribution.jpg Graphic file (type jpg)
<use ./images/disease_age_gender_distribution.jpg>
Package pdftex.def Info: ./images/disease_age_gender_distribution.jpg  used on input line 68.
(pdftex.def)             Requested size: 505.89pt x 674.50806pt.


LaTeX Warning: Float too large for page by 9.94307pt on input line 71.

<./images/multiple_disease_distribution.jpg, id=87, 1084.05pt x 722.7pt>
File: ./images/multiple_disease_distribution.jpg Graphic file (type jpg)
<use ./images/multiple_disease_distribution.jpg>
Package pdftex.def Info: ./images/multiple_disease_distribution.jpg  used on input line 76.
(pdftex.def)             Requested size: 505.89pt x 337.25401pt.
[3 <./images/labels_vs_gender.jpg>] [4 <./images/age_gender_distribution.jpg>] [5 <./images/disease_age_gender_distribution.jpg>] [6 <./images/multiple_disease_distribution.jpg>]
LaTeX Font Info:    Try loading font information for OMS+cmr on input line 87.
 (e:/texlive/2018/texmf-dist/tex/latex/base/omscmr.fd
File: omscmr.fd 2014/09/29 v2.5h Standard LaTeX font definitions
)
LaTeX Font Info:    Font shape `OMS/cmr/m/n' in size <10> not available
(Font)              Font shape `OMS/cmsy/m/n' tried instead on input line 87.
<./images/sampled_disease_distribution.jpg, id=111, 867.24pt x 578.16pt>
File: ./images/sampled_disease_distribution.jpg Graphic file (type jpg)
<use ./images/sampled_disease_distribution.jpg>
Package pdftex.def Info: ./images/sampled_disease_distribution.jpg  used on input line 96.
(pdftex.def)             Requested size: 505.89pt x 337.26505pt.
LaTeX Font Info:    External font `cmex10' loaded for size
(Font)              <7> on input line 124.
LaTeX Font Info:    External font `cmex10' loaded for size
(Font)              <5> on input line 124.

Overfull \hbox (21.79999pt too wide) in paragraph at lines 124--125
[][] 
 []

<./images/sampled_loaded_training_set.jpg, id=113, 1156.32pt x 1156.32pt>
File: ./images/sampled_loaded_training_set.jpg Graphic file (type jpg)
<use ./images/sampled_loaded_training_set.jpg>
Package pdftex.def Info: ./images/sampled_loaded_training_set.jpg  used on input line 129.
(pdftex.def)             Requested size: 505.89pt x 505.88876pt.
[7] [8 <./images/sampled_disease_distribution.jpg>] [9 <./images/sampled_loaded_training_set.jpg>]
Underfull \hbox (badness 10000) in paragraph at lines 164--164

 []


Overfull \hbox (21.79999pt too wide) in paragraph at lines 164--165
[][] 
 []

<./images/base_mlp_roc_auc.jpg, id=132, 722.7pt x 722.7pt>
File: ./images/base_mlp_roc_auc.jpg Graphic file (type jpg)
<use ./images/base_mlp_roc_auc.jpg>
Package pdftex.def Info: ./images/base_mlp_roc_auc.jpg  used on input line 171.
(pdftex.def)             Requested size: 505.89pt x 505.88655pt.
<./images/base-mlp_sample-images-pred-view.jpg, id=134, 722.7pt x 722.7pt>
File: ./images/base-mlp_sample-images-pred-view.jpg Graphic file (type jpg)
<use ./images/base-mlp_sample-images-pred-view.jpg>
Package pdftex.def Info: ./images/base-mlp_sample-images-pred-view.jpg  used on input line 179.
(pdftex.def)             Requested size: 505.89pt x 505.88655pt.

Overfull \hbox (21.79999pt too wide) in paragraph at lines 228--229
[][] 
 []

[10] [11 <./images/base_mlp_roc_auc.jpg>] [12 <./images/base-mlp_sample-images-pred-view.jpg>] [13]
<./images/chestr-vgg19_roc_auc.jpg, id=161, 722.7pt x 722.7pt>
File: ./images/chestr-vgg19_roc_auc.jpg Graphic file (type jpg)
<use ./images/chestr-vgg19_roc_auc.jpg>
Package pdftex.def Info: ./images/chestr-vgg19_roc_auc.jpg  used on input line 245.
(pdftex.def)             Requested size: 505.89pt x 505.88655pt.
<./images/chestr-vgg19_sample-images-pred-view.jpg, id=162, 722.7pt x 722.7pt>
File: ./images/chestr-vgg19_sample-images-pred-view.jpg Graphic file (type jpg)
<use ./images/chestr-vgg19_sample-images-pred-view.jpg>
Package pdftex.def Info: ./images/chestr-vgg19_sample-images-pred-view.jpg  used on input line 251.
(pdftex.def)             Requested size: 505.89pt x 505.88655pt.

Overfull \hbox (21.79999pt too wide) in paragraph at lines 324--325
[][] 
 []

[14] [15 <./images/chestr-vgg19_roc_auc.jpg>] [16 <./images/chestr-vgg19_sample-images-pred-view.jpg>]
Overfull \vbox (86.90375pt too high) has occurred while \output is active []

 [17]
<./images/chestr-cnn_roc_auc.jpg, id=181, 722.7pt x 722.7pt>
File: ./images/chestr-cnn_roc_auc.jpg Graphic file (type jpg)
<use ./images/chestr-cnn_roc_auc.jpg>
Package pdftex.def Info: ./images/chestr-cnn_roc_auc.jpg  used on input line 330.
(pdftex.def)             Requested size: 505.89pt x 505.88655pt.
<./images/chestr-cnn_sample-images-pred-view.jpg, id=183, 722.7pt x 722.7pt>
File: ./images/chestr-cnn_sample-images-pred-view.jpg Graphic file (type jpg)
<use ./images/chestr-cnn_sample-images-pred-view.jpg>
Package pdftex.def Info: ./images/chestr-cnn_sample-images-pred-view.jpg  used on input line 338.
(pdftex.def)             Requested size: 505.89pt x 505.88655pt.
 [18] [19 <./images/chestr-cnn_roc_auc.jpg>] [20 <./images/chestr-cnn_sample-images-pred-view.jpg>]
Overfull \hbox (298.90889pt too wide) in paragraph at lines 403--404
[][]$\OT1/cmtt/m/n/10 https : / / www . nih . gov / news-[]events / news-[]releases / nih-[]clinical-[]center-[]provides-[]one-[]largest-[]publicly-[]available-[]chest-[]x-[]ray-[]datasets-[]scientific-[]community$[] 
 []


Underfull \hbox (badness 10000) in paragraph at lines 407--408
[][]$\OT1/cmtt/m/n/10 https : / / github . com / shishirx34 / Udacity / tree / master / Machine % 20Learning % 20Engineer %
 []

Package atveryend Info: Empty hook `BeforeClearDocument' on input line 412.
[21]
Package atveryend Info: Empty hook `AfterLastShipout' on input line 412.
 (e:/Udacity/Machine Learning Engineer Nanodegree/chestray_capstone/report/chestray_final_report.aux)
Package atveryend Info: Executing hook `AtVeryEndDocument' on input line 412.
Package atveryend Info: Executing hook `AtEndAfterFileList' on input line 412.
Package rerunfilecheck Info: File `chestray_final_report.out' has not changed.
(rerunfilecheck)             Checksum: EE19B52ECF8910AC25125852B70297B6;916.
Package atveryend Info: Empty hook `AtVeryVeryEnd' on input line 412.
 ) 
Here is how much of TeX's memory you used:
 6758 strings out of 492616
 106633 string characters out of 6132769
 209519 words of memory out of 5000000
 10561 multiletter control sequences out of 15000+600000
 8708 words of font info for 31 fonts, out of 8000000 for 9000
 1141 hyphenation exceptions out of 8191
 42i,6n,40p,1430b,327s stack positions out of 5000i,500n,10000p,200000b,80000s
<e:/texlive/2018/texmf-dist/fonts/type1/public/amsfonts/cm/cmbx10.pfb><e:/texlive/2018/texmf-dist/fonts/type1/public/amsfonts/cm/cmbx12.pfb><e:/texlive/2018/texmf-dist/fonts/type1/public/amsfonts/cm/cmr10.pfb><e:/texlive/2018/texmf-dist/fonts/type1/public/amsfonts/cm/cmr12.pfb><e:/texlive/2018/texmf-dist/fonts/type1/public/amsfonts/cm/cmr17.pfb><e:/texlive/2018/texmf-dist/fonts/type1/public/amsfonts/cm/cmsy10.pfb><e:/texlive/2018/texmf-dist/fonts/type1/public/amsfonts/cm/cmti10.pfb><e:/texlive/2018/texmf-dist/fonts/type1/public/amsfonts/cm/cmtt10.pfb>
Output written on "e:/Udacity/Machine Learning Engineer Nanodegree/chestray_capstone/report/chestray_final_report.pdf" (21 pages, 2405129 bytes).
PDF statistics:
 265 PDF objects out of 1000 (max. 8388607)
 218 compressed objects within 3 object streams
 57 named destinations out of 1000 (max. 500000)
 170 words of extra memory for PDF output out of 10000 (max. 10000000)

